#
# There is insufficient memory for the Java Runtime Environment to continue.
# Native memory allocation (mmap) failed to map 130023424 bytes for G1 virtual space
# Possible reasons:
#   The system is out of physical RAM or swap space
#   The process is running with CompressedOops enabled, and the Java Heap may be blocking the growth of the native heap
# Possible solutions:
#   Reduce memory load on the system
#   Increase physical memory or swap space
#   Check if swap backing store is full
#   Decrease Java heap size (-Xmx/-Xms)
#   Decrease number of Java threads
#   Decrease Java thread stack sizes (-Xss)
#   Set larger code cache with -XX:ReservedCodeCacheSize=
#   JVM is running with Unscaled Compressed Oops mode in which the Java heap is
#     placed in the first 4GB address space. The Java Heap base address is the
#     maximum limit for the native heap growth. Please use -XX:HeapBaseMinAddress
#     to set the Java Heap base and to place the Java Heap above 4GB virtual address.
# This output file may be truncated or incomplete.
#
#  Out of Memory Error (os_windows.cpp:3527), pid=24596, tid=23216
#
# JRE version:  (19.0.1+10) (build )
# Java VM: Java HotSpot(TM) 64-Bit Server VM (19.0.1+10-21, mixed mode, sharing, tiered, compressed oops, compressed class ptrs, g1 gc, windows-amd64)
# No core dump will be written. Minidumps are not enabled by default on client versions of Windows
#

---------------  S U M M A R Y ------------

Command Line: -Dfile.encoding=UTF-8 --module-path=C:\Users\HP\Desktop\bank management system\bank manahgement system\build\classes bank.managment.system.SignupThree

Host: 11th Gen Intel(R) Core(TM) i3-1115G4 @ 3.00GHz, 4 cores, 7G,  Windows 11 , 64 bit Build 22621 (10.0.22621.3672)
Time: Mon Aug 12 18:47:15 2024 India Standard Time elapsed time: 0.009268 seconds (0d 0h 0m 0s)

---------------  T H R E A D  ---------------

Current thread (0x0000018efb44f660):  JavaThread "Unknown thread" [_thread_in_vm, id=23216, stack(0x0000007ab4800000,0x0000007ab4900000)]

Stack: [0x0000007ab4800000,0x0000007ab4900000]
Native frames: (J=compiled Java code, j=interpreted, Vv=VM code, C=native code)
V  [jvm.dll+0x6ee8fa]
V  [jvm.dll+0x857a1e]
V  [jvm.dll+0x85940e]
V  [jvm.dll+0x859ac3]
V  [jvm.dll+0x28291f]
V  [jvm.dll+0x6eb6e9]
V  [jvm.dll+0x6e028a]
V  [jvm.dll+0x357136]
V  [jvm.dll+0x35eb96]
V  [jvm.dll+0x3b555e]
V  [jvm.dll+0x3b578f]
V  [jvm.dll+0x32c6ea]
V  [jvm.dll+0x32d59e]
V  [jvm.dll+0x821b20]
V  [jvm.dll+0x3c27c1]
V  [jvm.dll+0x8022f1]
V  [jvm.dll+0x44b30f]
V  [jvm.dll+0x44cc91]
C  [jli.dll+0x5287]
C  [ucrtbase.dll+0x29333]
C  [KERNEL32.DLL+0x1257d]
C  [ntdll.dll+0x5af28]


---------------  P R O C E S S  ---------------

Threads class SMR info:
_java_thread_list=0x00007ffb9817d048, length=0, elements={
}

Java Threads: ( => current thread )

Other Threads:
  0x0000018efb4abca0 WorkerThread "GC Thread#0" [stack: 0x0000007ab4900000,0x0000007ab4a00000] [id=13796]
  0x0000018efb4bc100 ConcurrentGCThread "G1 Main Marker" [stack: 0x0000007ab4a00000,0x0000007ab4b00000] [id=30500]
  0x0000018efb4bebe0 WorkerThread "G1 Conc#0" [stack: 0x0000007ab4b00000,0x0000007ab4c00000] [id=23328]

[error occurred during error reporting (printing all threads), id 0xc0000005, EXCEPTION_ACCESS_VIOLATION (0xc0000005) at pc=0x00007ffb9793d127]

VM state: not at safepoint (not fully initialized)

VM Mutex/Monitor currently owned by a thread:  ([mutex/lock_event])
[0x0000018efb44abd0] Heap_lock - owner thread: 0x0000018efb44f660

Heap address: 0x0000000085800000, size: 1960 MB, Compressed Oops mode: 32-bit

CDS archive(s) mapped at: [0x0000000000000000-0x0000000000000000-0x0000000000000000), size 0, SharedBaseAddress: 0x0000000800000000, ArchiveRelocationMode: 0.
Narrow klass base: 0x0000000000000000, Narrow klass shift: 0, Narrow klass range: 0x0

GC Precious Log:
 CardTable entry size: 512
 Card Set container configuration: InlinePtr #cards 5 size 8 Array Of Cards #cards 12 size 40 Howl #buckets 4 coarsen threshold 1843 Howl Bitmap #cards 512 size 80 coarsen threshold 460 Card regions per heap region 1 cards per card region 2048

Heap:
 garbage-first heap   total 0K, used 0K [0x0000000085800000, 0x0000000100000000)
  region size 1024K, 0 young (0K), 0 survivors (0K)

[error occurred during error reporting (printing heap information), id 0xc0000005, EXCEPTION_ACCESS_VIOLATION (0xc0000005) at pc=0x00007ffb97d46959]

GC Heap History (0 events):
No events

Dll operation events (1 events):
Event: 0.006 Loaded shared library C:\Program Files\Java\jdk-19\bin\java.dll

Deoptimization events (0 events):
No events

Classes loaded (0 events):
No events

Classes unloaded (0 events):
No events

Classes redefined (0 events):
No events

Internal exceptions (0 events):
No events

VM Operations (0 events):
No events

Events (0 events):
No events


Dynamic libraries:
0x00007ff645c60000 - 0x00007ff645c70000 	C:\Program Files\Java\jdk-19\bin\java.exe
0x00007ffbee410000 - 0x00007ffbee627000 	C:\windows\SYSTEM32\ntdll.dll
0x00007ffbeca30000 - 0x00007ffbecaf4000 	C:\windows\System32\KERNEL32.DLL
0x00007ffbebda0000 - 0x00007ffbec14d000 	C:\windows\System32\KERNELBASE.dll
0x00007ffbe5080000 - 0x00007ffbe5117000 	C:\windows\SYSTEM32\apphelp.dll
0x00007ffbeb930000 - 0x00007ffbeba41000 	C:\windows\System32\ucrtbase.dll
0x00007ffbda570000 - 0x00007ffbda58b000 	C:\Program Files\Java\jdk-19\bin\VCRUNTIME140.dll
0x00007ffbd9e00000 - 0x00007ffbd9e18000 	C:\Program Files\Java\jdk-19\bin\jli.dll
0x00007ffbecdc0000 - 0x00007ffbece72000 	C:\windows\System32\ADVAPI32.dll
0x00007ffbed8a0000 - 0x00007ffbed947000 	C:\windows\System32\msvcrt.dll
0x00007ffbee2a0000 - 0x00007ffbee349000 	C:\windows\System32\sechost.dll
0x00007ffbeb900000 - 0x00007ffbeb928000 	C:\windows\System32\bcrypt.dll
0x00007ffbedae0000 - 0x00007ffbedbf4000 	C:\windows\System32\RPCRT4.dll
0x00007ffbecb30000 - 0x00007ffbeccde000 	C:\windows\System32\USER32.dll
0x00007ffbeb740000 - 0x00007ffbeb766000 	C:\windows\System32\win32u.dll
0x00007ffbecb00000 - 0x00007ffbecb29000 	C:\windows\System32\GDI32.dll
0x00007ffbebbc0000 - 0x00007ffbebcd9000 	C:\windows\System32\gdi32full.dll
0x00007ffbeb7e0000 - 0x00007ffbeb87a000 	C:\windows\System32\msvcp_win.dll
0x00007ffbcabf0000 - 0x00007ffbcae83000 	C:\windows\WinSxS\amd64_microsoft.windows.common-controls_6595b64144ccf1df_6.0.22621.3672_none_2713b9d173822955\COMCTL32.dll
0x00007ffbe2470000 - 0x00007ffbe247a000 	C:\windows\SYSTEM32\VERSION.dll
0x00007ffbede60000 - 0x00007ffbede91000 	C:\windows\System32\IMM32.DLL
0x00007ffbda560000 - 0x00007ffbda56c000 	C:\Program Files\Java\jdk-19\bin\vcruntime140_1.dll
0x00007ffbcbe10000 - 0x00007ffbcbe9e000 	C:\Program Files\Java\jdk-19\bin\msvcp140.dll
0x00007ffb97600000 - 0x00007ffb982c0000 	C:\Program Files\Java\jdk-19\bin\server\jvm.dll
0x00007ffbe2480000 - 0x00007ffbe24b4000 	C:\windows\SYSTEM32\WINMM.dll
0x00007ffbdda60000 - 0x00007ffbdda69000 	C:\windows\SYSTEM32\WSOCK32.dll
0x00007ffbec1a0000 - 0x00007ffbec211000 	C:\windows\System32\WS2_32.dll
0x00007ffbea740000 - 0x00007ffbea758000 	C:\windows\SYSTEM32\kernel.appcore.dll
0x00007ffbda550000 - 0x00007ffbda55a000 	C:\Program Files\Java\jdk-19\bin\jimage.dll
0x00007ffbe91c0000 - 0x00007ffbe93f2000 	C:\windows\SYSTEM32\DBGHELP.DLL
0x00007ffbedeb0000 - 0x00007ffbee238000 	C:\windows\System32\combase.dll
0x00007ffbecce0000 - 0x00007ffbecdb7000 	C:\windows\System32\OLEAUT32.dll
0x00007ffbdf7b0000 - 0x00007ffbdf7e2000 	C:\windows\SYSTEM32\dbgcore.DLL
0x00007ffbeb880000 - 0x00007ffbeb8fb000 	C:\windows\System32\bcryptPrimitives.dll
0x00007ffbd3110000 - 0x00007ffbd3136000 	C:\Program Files\Java\jdk-19\bin\java.dll

dbghelp: loaded successfully - version: 4.0.5 - missing functions: none
symbol engine: initialized successfully - sym options: 0x614 - pdb path: .;C:\Program Files\Java\jdk-19\bin;C:\windows\SYSTEM32;C:\windows\WinSxS\amd64_microsoft.windows.common-controls_6595b64144ccf1df_6.0.22621.3672_none_2713b9d173822955;C:\Program Files\Java\jdk-19\bin\server

VM Arguments:
jvm_args: -Dfile.encoding=UTF-8 --module-path=C:\Users\HP\Desktop\bank management system\bank manahgement system\build\classes 
java_command: bank.managment.system.SignupThree
java_class_path (initial): C:\Users\HP\Downloads;C:\Users\HP\Desktop\jcalendar-tz-1.3.3-4.jar;C:\Users\HP\Desktop\mysql-connector-java-8.0.28.jar;C:\Users\HP\Desktop\bank management system\bank manahgement system\build\classes
Launcher Type: SUN_STANDARD

[Global flags]
     intx CICompilerCount                          = 3                                         {product} {ergonomic}
     uint ConcGCThreads                            = 1                                         {product} {ergonomic}
     uint G1ConcRefinementThreads                  = 4                                         {product} {ergonomic}
   size_t G1HeapRegionSize                         = 1048576                                   {product} {ergonomic}
    uintx GCDrainStackTargetSize                   = 64                                        {product} {ergonomic}
   size_t InitialHeapSize                          = 130023424                                 {product} {ergonomic}
   size_t MarkStackSize                            = 4194304                                   {product} {ergonomic}
   size_t MaxHeapSize                              = 2055208960                                {product} {ergonomic}
   size_t MinHeapDeltaBytes                        = 1048576                                   {product} {ergonomic}
   size_t MinHeapSize                              = 8388608                                   {product} {ergonomic}
    uintx NonNMethodCodeHeapSize                   = 5832780                                {pd product} {ergonomic}
    uintx NonProfiledCodeHeapSize                  = 122912730                              {pd product} {ergonomic}
    uintx ProfiledCodeHeapSize                     = 122912730                              {pd product} {ergonomic}
    uintx ReservedCodeCacheSize                    = 251658240                              {pd product} {ergonomic}
     bool SegmentedCodeCache                       = true                                      {product} {ergonomic}
   size_t SoftMaxHeapSize                          = 2055208960                             {manageable} {ergonomic}
     bool UseCompressedClassPointers               = true                           {product lp64_product} {ergonomic}
     bool UseCompressedOops                        = true                           {product lp64_product} {ergonomic}
     bool UseG1GC                                  = true                                      {product} {ergonomic}
     bool UseLargePagesIndividualAllocation        = false                                  {pd product} {ergonomic}

Logging:
Log output configuration:
 #0: stdout all=warning uptime,level,tags foldmultilines=false
 #1: stderr all=off uptime,level,tags foldmultilines=false

Environment Variables:
JAVA_HOME=C:\Program Files\Java\jdk-19
PATH=C:\Program Files\Python312\Scripts\;C:\Program Files\Python312\;C:\Program Files\Common Files\Oracle\Java\javapath;C:\windows\system32;C:\windows;C:\windows\System32\Wbem;C:\windows\System32\WindowsPowerShell\v1.0\;C:\windows\System32\OpenSSH\;C:\MinGW\bin;C:\Program Files\Java\jdk-19\bin;C:\Program Files\Git\cmd;C:\Program Files\nodejs\;C:\Program Files\MongoDB\Server\7.0\bin;C:\Program Files\MySQL\MySQL Shell 8.0\bin\;C:\Users\HP\AppData\Local\Microsoft\WindowsApps;C:\Users\HP\AppData\Local\Programs\Microsoft VS Code\bin;C:\MinGW\bin;C:\Program Files\Java\jdk-19\bin;C:\Users\HP\Desktop\New folder\IntelliJ IDEA Community Edition 2023.3.4\bin;;C:\Users\HP\AppData\Roaming\npm;C:\Program Files\MongoDB\Server\7.0\bin;C:\Program Files\mongosh\
USERNAME=HP
OS=Windows_NT
PROCESSOR_IDENTIFIER=Intel64 Family 6 Model 140 Stepping 1, GenuineIntel
TMP=C:\Users\HP\AppData\Local\Temp
TEMP=C:\Users\HP\AppData\Local\Temp



---------------  S Y S T E M  ---------------

OS:
 Windows 11 , 64 bit Build 22621 (10.0.22621.3672)
OS uptime: 26 days 8:16 hours
Hyper-V role detected

CPU: total 4 (initial active 4) (2 cores per cpu, 2 threads per core) family 6 model 140 stepping 1 microcode 0xb4, cx8, cmov, fxsr, ht, mmx, 3dnowpref, sse, sse2, sse3, ssse3, sse4.1, sse4.2, popcnt, lzcnt, tsc, tscinvbit, avx, avx2, aes, erms, clmul, bmi1, bmi2, adx, avx512f, avx512dq, avx512cd, avx512bw, avx512vl, sha, fma, vzeroupper, avx512_vpopcntdq, avx512_vpclmulqdq, avx512_vaes, avx512_vnni, clflush, clflushopt, clwb, avx512_vbmi2, avx512_vbmi, hv, rdtscp, rdpid, fsrm, gfni, avx512_bitalg

Memory: 4k page, system-wide physical 7834M (665M free)
TotalPageFile size 31386M (AvailPageFile size 58M)
current process WorkingSet (physical memory assigned to process): 12M, peak: 12M
current process commit charge ("private bytes"): 52M, peak: 176M

vm_info: Java HotSpot(TM) 64-Bit Server VM (19.0.1+10-21) for windows-amd64 JRE (19.0.1+10-21), built on 2022-09-14T12:45:06Z by "mach5one" with MS VC++ 17.1 (VS2022)

END.
