#
# There is insufficient memory for the Java Runtime Environment to continue.
# Native memory allocation (mmap) failed to map 65536 bytes for Failed to commit metaspace.
# Possible reasons:
#   The system is out of physical RAM or swap space
#   The process is running with CompressedOops enabled, and the Java Heap may be blocking the growth of the native heap
# Possible solutions:
#   Reduce memory load on the system
#   Increase physical memory or swap space
#   Check if swap backing store is full
#   Decrease Java heap size (-Xmx/-Xms)
#   Decrease number of Java threads
#   Decrease Java thread stack sizes (-Xss)
#   Set larger code cache with -XX:ReservedCodeCacheSize=
#   JVM is running with Unscaled Compressed Oops mode in which the Java heap is
#     placed in the first 4GB address space. The Java Heap base address is the
#     maximum limit for the native heap growth. Please use -XX:HeapBaseMinAddress
#     to set the Java Heap base and to place the Java Heap above 4GB virtual address.
# This output file may be truncated or incomplete.
#
#  Out of Memory Error (virtualSpaceNode.cpp:110), pid=26036, tid=22236
#
# JRE version: Java(TM) SE Runtime Environment (19.0.1+10) (build 19.0.1+10-21)
# Java VM: Java HotSpot(TM) 64-Bit Server VM (19.0.1+10-21, mixed mode, sharing, tiered, compressed oops, compressed class ptrs, g1 gc, windows-amd64)
# No core dump will be written. Minidumps are not enabled by default on client versions of Windows
#

---------------  S U M M A R Y ------------

Command Line: -Dfile.encoding=UTF-8 --module-path=C:\Users\HP\Desktop\bank management system\bank manahgement system\build\classes bank.managment.system.SignupThree

Host: 11th Gen Intel(R) Core(TM) i3-1115G4 @ 3.00GHz, 4 cores, 7G,  Windows 11 , 64 bit Build 22621 (10.0.22621.3672)
Time: Mon Aug 12 18:42:52 2024 India Standard Time elapsed time: 0.143192 seconds (0d 0h 0m 0s)

---------------  T H R E A D  ---------------

Current thread (0x0000015347f4fef0):  JavaThread "main" [_thread_in_vm, id=22236, stack(0x0000004a08b00000,0x0000004a08c00000)]

Stack: [0x0000004a08b00000,0x0000004a08c00000]
Native frames: (J=compiled Java code, j=interpreted, Vv=VM code, C=native code)
V  [jvm.dll+0x6ee8fa]
V  [jvm.dll+0x857a1e]
V  [jvm.dll+0x85940e]
V  [jvm.dll+0x859ac3]
V  [jvm.dll+0x28291f]
V  [jvm.dll+0x85369b]
V  [jvm.dll+0x693276]
V  [jvm.dll+0x6932da]
V  [jvm.dll+0x695bd3]
V  [jvm.dll+0x695a9e]
V  [jvm.dll+0x693c9e]
V  [jvm.dll+0x26f4e1]
V  [jvm.dll+0x21e927]
V  [jvm.dll+0x214571]
V  [jvm.dll+0x5aa2d6]
V  [jvm.dll+0x22567a]
V  [jvm.dll+0x7ccb72]
V  [jvm.dll+0x7cdfba]
V  [jvm.dll+0x7ce2e8]
V  [jvm.dll+0x271d6b]
V  [jvm.dll+0x271f8f]
V  [jvm.dll+0x5cba38]
V  [jvm.dll+0x5ce997]
V  [jvm.dll+0x3ddf27]
V  [jvm.dll+0x3dd57f]
C  0x00000153573fca81

Java frames: (J=compiled Java code, j=interpreted, Vv=VM code)
j  java.awt.Insets.<clinit>()V+3 java.desktop@19.0.1
v  ~StubRoutines::call_stub 0x00000153573d10e8
j  java.awt.Toolkit.initIDs()V+0 java.desktop@19.0.1
j  java.awt.Toolkit.initStatic()V+27 java.desktop@19.0.1
j  java.awt.Toolkit.<clinit>()V+20 java.desktop@19.0.1
v  ~StubRoutines::call_stub 0x00000153573d10e8
j  java.awt.Component.<clinit>()V+93 java.desktop@19.0.1
v  ~StubRoutines::call_stub 0x00000153573d10e8

---------------  P R O C E S S  ---------------

Threads class SMR info:
_java_thread_list=0x000001536a1778c0, length=12, elements={
0x0000015347f4fef0, 0x0000015365c62eb0, 0x0000015365c63b90, 0x0000015365c688f0,
0x0000015365c69310, 0x0000015365c6a4d0, 0x0000015365c70610, 0x0000015365c6f8a0,
0x0000015365c798a0, 0x0000015365c8c9e0, 0x000001536a0ab280, 0x000001536a1aabf0
}

Java Threads: ( => current thread )
=>0x0000015347f4fef0 JavaThread "main" [_thread_in_vm, id=22236, stack(0x0000004a08b00000,0x0000004a08c00000)]
  0x0000015365c62eb0 JavaThread "Reference Handler" daemon [_thread_blocked, id=23100, stack(0x0000004a09200000,0x0000004a09300000)]
  0x0000015365c63b90 JavaThread "Finalizer" daemon [_thread_blocked, id=6860, stack(0x0000004a09300000,0x0000004a09400000)]
  0x0000015365c688f0 JavaThread "Signal Dispatcher" daemon [_thread_blocked, id=32364, stack(0x0000004a09400000,0x0000004a09500000)]
  0x0000015365c69310 JavaThread "Attach Listener" daemon [_thread_blocked, id=27916, stack(0x0000004a09500000,0x0000004a09600000)]
  0x0000015365c6a4d0 JavaThread "Service Thread" daemon [_thread_blocked, id=30260, stack(0x0000004a09600000,0x0000004a09700000)]
  0x0000015365c70610 JavaThread "Monitor Deflation Thread" daemon [_thread_blocked, id=27460, stack(0x0000004a09700000,0x0000004a09800000)]
  0x0000015365c6f8a0 JavaThread "C2 CompilerThread0" daemon [_thread_blocked, id=7632, stack(0x0000004a09800000,0x0000004a09900000)]
  0x0000015365c798a0 JavaThread "C1 CompilerThread0" daemon [_thread_in_vm, id=24980, stack(0x0000004a09900000,0x0000004a09a00000)]
  0x0000015365c8c9e0 JavaThread "Sweeper thread" daemon [_thread_blocked, id=27772, stack(0x0000004a09a00000,0x0000004a09b00000)]
  0x000001536a0ab280 JavaThread "Common-Cleaner" daemon [_thread_blocked, id=32880, stack(0x0000004a09b00000,0x0000004a09c00000)]
  0x000001536a1aabf0 JavaThread "Notification Thread" daemon [_thread_blocked, id=24888, stack(0x0000004a09c00000,0x0000004a09d00000)]

Other Threads:
  0x0000015365c4d890 VMThread "VM Thread" [stack: 0x0000004a09100000,0x0000004a09200000] [id=9496]
  0x000001536a0fdfa0 WatcherThread "VM Periodic Task Thread" [stack: 0x0000004a09d00000,0x0000004a09e00000] [id=27704]
  0x0000015347fac530 WorkerThread "GC Thread#0" [stack: 0x0000004a08c00000,0x0000004a08d00000] [id=28432]
  0x0000015347fbcb30 ConcurrentGCThread "G1 Main Marker" [stack: 0x0000004a08d00000,0x0000004a08e00000] [id=15568]
  0x0000015347fbfc10 WorkerThread "G1 Conc#0" [stack: 0x0000004a08e00000,0x0000004a08f00000] [id=27588]
  0x0000015365b030e0 ConcurrentGCThread "G1 Refine#0" [stack: 0x0000004a08f00000,0x0000004a09000000] [id=32232]
  0x0000015365b038d0 ConcurrentGCThread "G1 Service" [stack: 0x0000004a09000000,0x0000004a09100000] [id=21268]

Threads with active compile tasks:
C1 CompilerThread0      162  348       3       java.lang.invoke.MemberName::isStatic (8 bytes)

VM state: not at safepoint (normal execution)

VM Mutex/Monitor currently owned by a thread:  ([mutex/lock_event])
[0x0000015345d3ba30] Metaspace_lock - owner thread: 0x0000015347f4fef0
[0x0000015347f4ac80] MethodData_lock - owner thread: 0x0000015365c798a0

Heap address: 0x0000000085800000, size: 1960 MB, Compressed Oops mode: 32-bit

CDS archive(s) mapped at: [0x0000000800000000-0x0000000800c40000-0x0000000800c40000), size 12845056, SharedBaseAddress: 0x0000000800000000, ArchiveRelocationMode: 0.
Compressed class space mapped at: 0x0000000801000000-0x0000000841000000, reserved size: 1073741824
Narrow klass base: 0x0000000800000000, Narrow klass shift: 0, Narrow klass range: 0x100000000

GC Precious Log:
 CardTable entry size: 512
 Card Set container configuration: InlinePtr #cards 5 size 8 Array Of Cards #cards 12 size 40 Howl #buckets 4 coarsen threshold 1843 Howl Bitmap #cards 512 size 80 coarsen threshold 460 Card regions per heap region 1 cards per card region 2048
 CPUs: 4 total, 4 available
 Memory: 7834M
 Large Page Support: Disabled
 NUMA Support: Disabled
 Compressed Oops: Enabled (32-bit)
 Heap Region Size: 1M
 Heap Min Capacity: 8M
 Heap Initial Capacity: 124M
 Heap Max Capacity: 1960M
 Pre-touch: Disabled
 Parallel Workers: 4
 Concurrent Workers: 1
 Concurrent Refinement Workers: 4
 Periodic GC: Disabled

Heap:
 garbage-first heap   total 126976K, used 2048K [0x0000000085800000, 0x0000000100000000)
  region size 1024K, 3 young (3072K), 0 survivors (0K)
 Metaspace       used 1233K, committed 1344K, reserved 1114112K
  class space    used 107K, committed 192K, reserved 1048576K

Heap Regions: E=young(eden), S=young(survivor), O=old, HS=humongous(starts), HC=humongous(continues), CS=collection set, F=free, OA=open archive, CA=closed archive, TAMS=top-at-mark-start (previous, next)
|   0|0x0000000085800000, 0x0000000085800000, 0x0000000085900000|  0%| F|  |TAMS 0x0000000085800000, 0x0000000085800000| Untracked 
|   1|0x0000000085900000, 0x0000000085900000, 0x0000000085a00000|  0%| F|  |TAMS 0x0000000085900000, 0x0000000085900000| Untracked 
|   2|0x0000000085a00000, 0x0000000085a00000, 0x0000000085b00000|  0%| F|  |TAMS 0x0000000085a00000, 0x0000000085a00000| Untracked 
|   3|0x0000000085b00000, 0x0000000085b00000, 0x0000000085c00000|  0%| F|  |TAMS 0x0000000085b00000, 0x0000000085b00000| Untracked 
|   4|0x0000000085c00000, 0x0000000085c00000, 0x0000000085d00000|  0%| F|  |TAMS 0x0000000085c00000, 0x0000000085c00000| Untracked 
|   5|0x0000000085d00000, 0x0000000085d00000, 0x0000000085e00000|  0%| F|  |TAMS 0x0000000085d00000, 0x0000000085d00000| Untracked 
|   6|0x0000000085e00000, 0x0000000085e00000, 0x0000000085f00000|  0%| F|  |TAMS 0x0000000085e00000, 0x0000000085e00000| Untracked 
|   7|0x0000000085f00000, 0x0000000085f00000, 0x0000000086000000|  0%| F|  |TAMS 0x0000000085f00000, 0x0000000085f00000| Untracked 
|   8|0x0000000086000000, 0x0000000086000000, 0x0000000086100000|  0%| F|  |TAMS 0x0000000086000000, 0x0000000086000000| Untracked 
|   9|0x0000000086100000, 0x0000000086100000, 0x0000000086200000|  0%| F|  |TAMS 0x0000000086100000, 0x0000000086100000| Untracked 
|  10|0x0000000086200000, 0x0000000086200000, 0x0000000086300000|  0%| F|  |TAMS 0x0000000086200000, 0x0000000086200000| Untracked 
|  11|0x0000000086300000, 0x0000000086300000, 0x0000000086400000|  0%| F|  |TAMS 0x0000000086300000, 0x0000000086300000| Untracked 
|  12|0x0000000086400000, 0x0000000086400000, 0x0000000086500000|  0%| F|  |TAMS 0x0000000086400000, 0x0000000086400000| Untracked 
|  13|0x0000000086500000, 0x0000000086500000, 0x0000000086600000|  0%| F|  |TAMS 0x0000000086500000, 0x0000000086500000| Untracked 
|  14|0x0000000086600000, 0x0000000086600000, 0x0000000086700000|  0%| F|  |TAMS 0x0000000086600000, 0x0000000086600000| Untracked 
|  15|0x0000000086700000, 0x0000000086700000, 0x0000000086800000|  0%| F|  |TAMS 0x0000000086700000, 0x0000000086700000| Untracked 
|  16|0x0000000086800000, 0x0000000086800000, 0x0000000086900000|  0%| F|  |TAMS 0x0000000086800000, 0x0000000086800000| Untracked 
|  17|0x0000000086900000, 0x0000000086900000, 0x0000000086a00000|  0%| F|  |TAMS 0x0000000086900000, 0x0000000086900000| Untracked 
|  18|0x0000000086a00000, 0x0000000086a00000, 0x0000000086b00000|  0%| F|  |TAMS 0x0000000086a00000, 0x0000000086a00000| Untracked 
|  19|0x0000000086b00000, 0x0000000086b00000, 0x0000000086c00000|  0%| F|  |TAMS 0x0000000086b00000, 0x0000000086b00000| Untracked 
|  20|0x0000000086c00000, 0x0000000086c00000, 0x0000000086d00000|  0%| F|  |TAMS 0x0000000086c00000, 0x0000000086c00000| Untracked 
|  21|0x0000000086d00000, 0x0000000086d00000, 0x0000000086e00000|  0%| F|  |TAMS 0x0000000086d00000, 0x0000000086d00000| Untracked 
|  22|0x0000000086e00000, 0x0000000086e00000, 0x0000000086f00000|  0%| F|  |TAMS 0x0000000086e00000, 0x0000000086e00000| Untracked 
|  23|0x0000000086f00000, 0x0000000086f00000, 0x0000000087000000|  0%| F|  |TAMS 0x0000000086f00000, 0x0000000086f00000| Untracked 
|  24|0x0000000087000000, 0x0000000087000000, 0x0000000087100000|  0%| F|  |TAMS 0x0000000087000000, 0x0000000087000000| Untracked 
|  25|0x0000000087100000, 0x0000000087100000, 0x0000000087200000|  0%| F|  |TAMS 0x0000000087100000, 0x0000000087100000| Untracked 
|  26|0x0000000087200000, 0x0000000087200000, 0x0000000087300000|  0%| F|  |TAMS 0x0000000087200000, 0x0000000087200000| Untracked 
|  27|0x0000000087300000, 0x0000000087300000, 0x0000000087400000|  0%| F|  |TAMS 0x0000000087300000, 0x0000000087300000| Untracked 
|  28|0x0000000087400000, 0x0000000087400000, 0x0000000087500000|  0%| F|  |TAMS 0x0000000087400000, 0x0000000087400000| Untracked 
|  29|0x0000000087500000, 0x0000000087500000, 0x0000000087600000|  0%| F|  |TAMS 0x0000000087500000, 0x0000000087500000| Untracked 
|  30|0x0000000087600000, 0x0000000087600000, 0x0000000087700000|  0%| F|  |TAMS 0x0000000087600000, 0x0000000087600000| Untracked 
|  31|0x0000000087700000, 0x0000000087700000, 0x0000000087800000|  0%| F|  |TAMS 0x0000000087700000, 0x0000000087700000| Untracked 
|  32|0x0000000087800000, 0x0000000087800000, 0x0000000087900000|  0%| F|  |TAMS 0x0000000087800000, 0x0000000087800000| Untracked 
|  33|0x0000000087900000, 0x0000000087900000, 0x0000000087a00000|  0%| F|  |TAMS 0x0000000087900000, 0x0000000087900000| Untracked 
|  34|0x0000000087a00000, 0x0000000087a00000, 0x0000000087b00000|  0%| F|  |TAMS 0x0000000087a00000, 0x0000000087a00000| Untracked 
|  35|0x0000000087b00000, 0x0000000087b00000, 0x0000000087c00000|  0%| F|  |TAMS 0x0000000087b00000, 0x0000000087b00000| Untracked 
|  36|0x0000000087c00000, 0x0000000087c00000, 0x0000000087d00000|  0%| F|  |TAMS 0x0000000087c00000, 0x0000000087c00000| Untracked 
|  37|0x0000000087d00000, 0x0000000087d00000, 0x0000000087e00000|  0%| F|  |TAMS 0x0000000087d00000, 0x0000000087d00000| Untracked 
|  38|0x0000000087e00000, 0x0000000087e00000, 0x0000000087f00000|  0%| F|  |TAMS 0x0000000087e00000, 0x0000000087e00000| Untracked 
|  39|0x0000000087f00000, 0x0000000087f00000, 0x0000000088000000|  0%| F|  |TAMS 0x0000000087f00000, 0x0000000087f00000| Untracked 
|  40|0x0000000088000000, 0x0000000088000000, 0x0000000088100000|  0%| F|  |TAMS 0x0000000088000000, 0x0000000088000000| Untracked 
|  41|0x0000000088100000, 0x0000000088100000, 0x0000000088200000|  0%| F|  |TAMS 0x0000000088100000, 0x0000000088100000| Untracked 
|  42|0x0000000088200000, 0x0000000088200000, 0x0000000088300000|  0%| F|  |TAMS 0x0000000088200000, 0x0000000088200000| Untracked 
|  43|0x0000000088300000, 0x0000000088300000, 0x0000000088400000|  0%| F|  |TAMS 0x0000000088300000, 0x0000000088300000| Untracked 
|  44|0x0000000088400000, 0x0000000088400000, 0x0000000088500000|  0%| F|  |TAMS 0x0000000088400000, 0x0000000088400000| Untracked 
|  45|0x0000000088500000, 0x0000000088500000, 0x0000000088600000|  0%| F|  |TAMS 0x0000000088500000, 0x0000000088500000| Untracked 
|  46|0x0000000088600000, 0x0000000088600000, 0x0000000088700000|  0%| F|  |TAMS 0x0000000088600000, 0x0000000088600000| Untracked 
|  47|0x0000000088700000, 0x0000000088700000, 0x0000000088800000|  0%| F|  |TAMS 0x0000000088700000, 0x0000000088700000| Untracked 
|  48|0x0000000088800000, 0x0000000088800000, 0x0000000088900000|  0%| F|  |TAMS 0x0000000088800000, 0x0000000088800000| Untracked 
|  49|0x0000000088900000, 0x0000000088900000, 0x0000000088a00000|  0%| F|  |TAMS 0x0000000088900000, 0x0000000088900000| Untracked 
|  50|0x0000000088a00000, 0x0000000088a00000, 0x0000000088b00000|  0%| F|  |TAMS 0x0000000088a00000, 0x0000000088a00000| Untracked 
|  51|0x0000000088b00000, 0x0000000088b00000, 0x0000000088c00000|  0%| F|  |TAMS 0x0000000088b00000, 0x0000000088b00000| Untracked 
|  52|0x0000000088c00000, 0x0000000088c00000, 0x0000000088d00000|  0%| F|  |TAMS 0x0000000088c00000, 0x0000000088c00000| Untracked 
|  53|0x0000000088d00000, 0x0000000088d00000, 0x0000000088e00000|  0%| F|  |TAMS 0x0000000088d00000, 0x0000000088d00000| Untracked 
|  54|0x0000000088e00000, 0x0000000088e00000, 0x0000000088f00000|  0%| F|  |TAMS 0x0000000088e00000, 0x0000000088e00000| Untracked 
|  55|0x0000000088f00000, 0x0000000088f00000, 0x0000000089000000|  0%| F|  |TAMS 0x0000000088f00000, 0x0000000088f00000| Untracked 
|  56|0x0000000089000000, 0x0000000089000000, 0x0000000089100000|  0%| F|  |TAMS 0x0000000089000000, 0x0000000089000000| Untracked 
|  57|0x0000000089100000, 0x0000000089100000, 0x0000000089200000|  0%| F|  |TAMS 0x0000000089100000, 0x0000000089100000| Untracked 
|  58|0x0000000089200000, 0x0000000089200000, 0x0000000089300000|  0%| F|  |TAMS 0x0000000089200000, 0x0000000089200000| Untracked 
|  59|0x0000000089300000, 0x0000000089300000, 0x0000000089400000|  0%| F|  |TAMS 0x0000000089300000, 0x0000000089300000| Untracked 
|  60|0x0000000089400000, 0x0000000089400000, 0x0000000089500000|  0%| F|  |TAMS 0x0000000089400000, 0x0000000089400000| Untracked 
|  61|0x0000000089500000, 0x0000000089500000, 0x0000000089600000|  0%| F|  |TAMS 0x0000000089500000, 0x0000000089500000| Untracked 
|  62|0x0000000089600000, 0x0000000089600000, 0x0000000089700000|  0%| F|  |TAMS 0x0000000089600000, 0x0000000089600000| Untracked 
|  63|0x0000000089700000, 0x0000000089700000, 0x0000000089800000|  0%| F|  |TAMS 0x0000000089700000, 0x0000000089700000| Untracked 
|  64|0x0000000089800000, 0x0000000089800000, 0x0000000089900000|  0%| F|  |TAMS 0x0000000089800000, 0x0000000089800000| Untracked 
|  65|0x0000000089900000, 0x0000000089900000, 0x0000000089a00000|  0%| F|  |TAMS 0x0000000089900000, 0x0000000089900000| Untracked 
|  66|0x0000000089a00000, 0x0000000089a00000, 0x0000000089b00000|  0%| F|  |TAMS 0x0000000089a00000, 0x0000000089a00000| Untracked 
|  67|0x0000000089b00000, 0x0000000089b00000, 0x0000000089c00000|  0%| F|  |TAMS 0x0000000089b00000, 0x0000000089b00000| Untracked 
|  68|0x0000000089c00000, 0x0000000089c00000, 0x0000000089d00000|  0%| F|  |TAMS 0x0000000089c00000, 0x0000000089c00000| Untracked 
|  69|0x0000000089d00000, 0x0000000089d00000, 0x0000000089e00000|  0%| F|  |TAMS 0x0000000089d00000, 0x0000000089d00000| Untracked 
|  70|0x0000000089e00000, 0x0000000089e00000, 0x0000000089f00000|  0%| F|  |TAMS 0x0000000089e00000, 0x0000000089e00000| Untracked 
|  71|0x0000000089f00000, 0x0000000089f00000, 0x000000008a000000|  0%| F|  |TAMS 0x0000000089f00000, 0x0000000089f00000| Untracked 
|  72|0x000000008a000000, 0x000000008a000000, 0x000000008a100000|  0%| F|  |TAMS 0x000000008a000000, 0x000000008a000000| Untracked 
|  73|0x000000008a100000, 0x000000008a100000, 0x000000008a200000|  0%| F|  |TAMS 0x000000008a100000, 0x000000008a100000| Untracked 
|  74|0x000000008a200000, 0x000000008a200000, 0x000000008a300000|  0%| F|  |TAMS 0x000000008a200000, 0x000000008a200000| Untracked 
|  75|0x000000008a300000, 0x000000008a300000, 0x000000008a400000|  0%| F|  |TAMS 0x000000008a300000, 0x000000008a300000| Untracked 
|  76|0x000000008a400000, 0x000000008a400000, 0x000000008a500000|  0%| F|  |TAMS 0x000000008a400000, 0x000000008a400000| Untracked 
|  77|0x000000008a500000, 0x000000008a500000, 0x000000008a600000|  0%| F|  |TAMS 0x000000008a500000, 0x000000008a500000| Untracked 
|  78|0x000000008a600000, 0x000000008a600000, 0x000000008a700000|  0%| F|  |TAMS 0x000000008a600000, 0x000000008a600000| Untracked 
|  79|0x000000008a700000, 0x000000008a700000, 0x000000008a800000|  0%| F|  |TAMS 0x000000008a700000, 0x000000008a700000| Untracked 
|  80|0x000000008a800000, 0x000000008a800000, 0x000000008a900000|  0%| F|  |TAMS 0x000000008a800000, 0x000000008a800000| Untracked 
|  81|0x000000008a900000, 0x000000008a900000, 0x000000008aa00000|  0%| F|  |TAMS 0x000000008a900000, 0x000000008a900000| Untracked 
|  82|0x000000008aa00000, 0x000000008aa00000, 0x000000008ab00000|  0%| F|  |TAMS 0x000000008aa00000, 0x000000008aa00000| Untracked 
|  83|0x000000008ab00000, 0x000000008ab00000, 0x000000008ac00000|  0%| F|  |TAMS 0x000000008ab00000, 0x000000008ab00000| Untracked 
|  84|0x000000008ac00000, 0x000000008ac00000, 0x000000008ad00000|  0%| F|  |TAMS 0x000000008ac00000, 0x000000008ac00000| Untracked 
|  85|0x000000008ad00000, 0x000000008ad00000, 0x000000008ae00000|  0%| F|  |TAMS 0x000000008ad00000, 0x000000008ad00000| Untracked 
|  86|0x000000008ae00000, 0x000000008ae00000, 0x000000008af00000|  0%| F|  |TAMS 0x000000008ae00000, 0x000000008ae00000| Untracked 
|  87|0x000000008af00000, 0x000000008af00000, 0x000000008b000000|  0%| F|  |TAMS 0x000000008af00000, 0x000000008af00000| Untracked 
|  88|0x000000008b000000, 0x000000008b000000, 0x000000008b100000|  0%| F|  |TAMS 0x000000008b000000, 0x000000008b000000| Untracked 
|  89|0x000000008b100000, 0x000000008b100000, 0x000000008b200000|  0%| F|  |TAMS 0x000000008b100000, 0x000000008b100000| Untracked 
|  90|0x000000008b200000, 0x000000008b200000, 0x000000008b300000|  0%| F|  |TAMS 0x000000008b200000, 0x000000008b200000| Untracked 
|  91|0x000000008b300000, 0x000000008b300000, 0x000000008b400000|  0%| F|  |TAMS 0x000000008b300000, 0x000000008b300000| Untracked 
|  92|0x000000008b400000, 0x000000008b400000, 0x000000008b500000|  0%| F|  |TAMS 0x000000008b400000, 0x000000008b400000| Untracked 
|  93|0x000000008b500000, 0x000000008b500000, 0x000000008b600000|  0%| F|  |TAMS 0x000000008b500000, 0x000000008b500000| Untracked 
|  94|0x000000008b600000, 0x000000008b600000, 0x000000008b700000|  0%| F|  |TAMS 0x000000008b600000, 0x000000008b600000| Untracked 
|  95|0x000000008b700000, 0x000000008b700000, 0x000000008b800000|  0%| F|  |TAMS 0x000000008b700000, 0x000000008b700000| Untracked 
|  96|0x000000008b800000, 0x000000008b800000, 0x000000008b900000|  0%| F|  |TAMS 0x000000008b800000, 0x000000008b800000| Untracked 
|  97|0x000000008b900000, 0x000000008b900000, 0x000000008ba00000|  0%| F|  |TAMS 0x000000008b900000, 0x000000008b900000| Untracked 
|  98|0x000000008ba00000, 0x000000008ba00000, 0x000000008bb00000|  0%| F|  |TAMS 0x000000008ba00000, 0x000000008ba00000| Untracked 
|  99|0x000000008bb00000, 0x000000008bb00000, 0x000000008bc00000|  0%| F|  |TAMS 0x000000008bb00000, 0x000000008bb00000| Untracked 
| 100|0x000000008bc00000, 0x000000008bc00000, 0x000000008bd00000|  0%| F|  |TAMS 0x000000008bc00000, 0x000000008bc00000| Untracked 
| 101|0x000000008bd00000, 0x000000008bd00000, 0x000000008be00000|  0%| F|  |TAMS 0x000000008bd00000, 0x000000008bd00000| Untracked 
| 102|0x000000008be00000, 0x000000008be00000, 0x000000008bf00000|  0%| F|  |TAMS 0x000000008be00000, 0x000000008be00000| Untracked 
| 103|0x000000008bf00000, 0x000000008bf00000, 0x000000008c000000|  0%| F|  |TAMS 0x000000008bf00000, 0x000000008bf00000| Untracked 
| 104|0x000000008c000000, 0x000000008c000000, 0x000000008c100000|  0%| F|  |TAMS 0x000000008c000000, 0x000000008c000000| Untracked 
| 105|0x000000008c100000, 0x000000008c100000, 0x000000008c200000|  0%| F|  |TAMS 0x000000008c100000, 0x000000008c100000| Untracked 
| 106|0x000000008c200000, 0x000000008c200000, 0x000000008c300000|  0%| F|  |TAMS 0x000000008c200000, 0x000000008c200000| Untracked 
| 107|0x000000008c300000, 0x000000008c300000, 0x000000008c400000|  0%| F|  |TAMS 0x000000008c300000, 0x000000008c300000| Untracked 
| 108|0x000000008c400000, 0x000000008c400000, 0x000000008c500000|  0%| F|  |TAMS 0x000000008c400000, 0x000000008c400000| Untracked 
| 109|0x000000008c500000, 0x000000008c500000, 0x000000008c600000|  0%| F|  |TAMS 0x000000008c500000, 0x000000008c500000| Untracked 
| 110|0x000000008c600000, 0x000000008c600000, 0x000000008c700000|  0%| F|  |TAMS 0x000000008c600000, 0x000000008c600000| Untracked 
| 111|0x000000008c700000, 0x000000008c700000, 0x000000008c800000|  0%| F|  |TAMS 0x000000008c700000, 0x000000008c700000| Untracked 
| 112|0x000000008c800000, 0x000000008c800000, 0x000000008c900000|  0%| F|  |TAMS 0x000000008c800000, 0x000000008c800000| Untracked 
| 113|0x000000008c900000, 0x000000008c900000, 0x000000008ca00000|  0%| F|  |TAMS 0x000000008c900000, 0x000000008c900000| Untracked 
| 114|0x000000008ca00000, 0x000000008ca00000, 0x000000008cb00000|  0%| F|  |TAMS 0x000000008ca00000, 0x000000008ca00000| Untracked 
| 115|0x000000008cb00000, 0x000000008cb00000, 0x000000008cc00000|  0%| F|  |TAMS 0x000000008cb00000, 0x000000008cb00000| Untracked 
| 116|0x000000008cc00000, 0x000000008cc00000, 0x000000008cd00000|  0%| F|  |TAMS 0x000000008cc00000, 0x000000008cc00000| Untracked 
| 117|0x000000008cd00000, 0x000000008cd00000, 0x000000008ce00000|  0%| F|  |TAMS 0x000000008cd00000, 0x000000008cd00000| Untracked 
| 118|0x000000008ce00000, 0x000000008ce00000, 0x000000008cf00000|  0%| F|  |TAMS 0x000000008ce00000, 0x000000008ce00000| Untracked 
| 119|0x000000008cf00000, 0x000000008cf00000, 0x000000008d000000|  0%| F|  |TAMS 0x000000008cf00000, 0x000000008cf00000| Untracked 
| 120|0x000000008d000000, 0x000000008d000000, 0x000000008d100000|  0%| F|  |TAMS 0x000000008d000000, 0x000000008d000000| Untracked 
| 121|0x000000008d100000, 0x000000008d200000, 0x000000008d200000|100%| E|  |TAMS 0x000000008d100000, 0x000000008d100000| Complete 
| 122|0x000000008d200000, 0x000000008d300000, 0x000000008d300000|100%| E|CS|TAMS 0x000000008d200000, 0x000000008d200000| Complete 
| 123|0x000000008d300000, 0x000000008d400000, 0x000000008d400000|100%| E|CS|TAMS 0x000000008d300000, 0x000000008d300000| Complete 

Card table byte_map: [0x000001535f280000,0x000001535f660000] _byte_map_base: 0x000001535ee54000

Marking Bits (Prev, Next): (CMBitMap*) 0x0000015347facb60, (CMBitMap*) 0x0000015347facba0
 Prev Bits: [0x000001535fa40000, 0x00000153618e0000)
 Next Bits: [0x00000153618e0000, 0x0000015363780000)

Polling page: 0x0000015345ec0000

Metaspace:

Usage:
  Non-class:      1.10 MB used.
      Class:    107.51 KB used.
       Both:      1.20 MB used.

Virtual space:
  Non-class space:       64.00 MB reserved,       1.12 MB (  2%) committed,  1 nodes.
      Class space:        1.00 GB reserved,     192.00 KB ( <1%) committed,  1 nodes.
             Both:        1.06 GB reserved,       1.31 MB ( <1%) committed. 

Chunk freelists:
   Non-Class:  3.94 MB
       Class:  3.71 MB
        Both:  7.66 MB

MaxMetaspaceSize: unlimited
CompressedClassSpaceSize: 1.00 GB
Initial GC threshold: 21.00 MB
Current GC threshold: 21.00 MB
CDS: on
MetaspaceReclaimPolicy: balanced
 - commit_granule_bytes: 65536.
 - commit_granule_words: 8192.
 - virtual_space_node_default_size: 8388608.
 - enlarge_chunks_in_place: 1.
 - new_chunks_are_fully_committed: 0.
 - uncommit_free_chunks: 1.
 - use_allocation_guard: 0.


Internal statistics:

num_allocs_failed_limit: 0.
num_arena_births: 58.
num_arena_deaths: 0.
num_vsnodes_births: 2.
num_vsnodes_deaths: 0.
num_space_committed: 21.
num_space_uncommitted: 0.
num_chunks_returned_to_freelist: 0.
num_chunks_taken_from_freelist: 59.
num_chunk_merges: 0.
num_chunk_splits: 41.
num_chunks_enlarged: 27.
num_inconsistent_stats: 0.

CodeHeap 'non-profiled nmethods': size=120000Kb used=112Kb max_used=112Kb free=119887Kb
 bounds [0x0000015357970000, 0x0000015357be0000, 0x000001535eea0000]
CodeHeap 'profiled nmethods': size=120000Kb used=416Kb max_used=416Kb free=119584Kb
 bounds [0x000001534fea0000, 0x0000015350110000, 0x00000153573d0000]
CodeHeap 'non-nmethods': size=5760Kb used=1218Kb max_used=1231Kb free=4541Kb
 bounds [0x00000153573d0000, 0x0000015357640000, 0x0000015357970000]
 total_blobs=746 nmethods=344 adapters=313
 compilation: enabled
              stopped_count=0, restarted_count=0
 full_count=0

Compilation events (20 events):
Event: 0.136 Thread 0x0000015365c798a0 nmethod 329 0x000001534ff01c90 code [0x000001534ff01e40, 0x000001534ff01fd8]
Event: 0.136 Thread 0x0000015365c798a0  332       3       java.lang.invoke.LambdaForm$Name::isParam (13 bytes)
Event: 0.136 Thread 0x0000015365c798a0 nmethod 332 0x000001534ff02090 code [0x000001534ff02220, 0x000001534ff02398]
Event: 0.137 Thread 0x0000015365c798a0  334       3       java.lang.invoke.MemberName::flagsMods (73 bytes)
Event: 0.137 Thread 0x0000015365c798a0 nmethod 334 0x000001534ff02410 code [0x000001534ff025a0, 0x000001534ff026b8]
Event: 0.137 Thread 0x0000015365c798a0  336       3       java.util.Arrays::equals (57 bytes)
Event: 0.137 Thread 0x0000015365c798a0 nmethod 336 0x000001534ff02790 code [0x000001534ff02980, 0x000001534ff02f48]
Event: 0.137 Thread 0x0000015365c798a0  339       3       jdk.internal.org.objectweb.asm.ByteVector::put12 (64 bytes)
Event: 0.137 Thread 0x0000015365c798a0 nmethod 339 0x000001534ff03110 code [0x000001534ff032c0, 0x000001534ff034e8]
Event: 0.137 Thread 0x0000015365c798a0  337       3       java.util.ImmutableCollections$ListN::get (7 bytes)
Event: 0.137 Thread 0x0000015365c798a0 nmethod 337 0x000001534ff03690 code [0x000001534ff03820, 0x000001534ff03958]
Event: 0.137 Thread 0x0000015365c798a0  335       3       java.lang.invoke.MemberName::init (67 bytes)
Event: 0.137 Thread 0x0000015365c798a0 nmethod 335 0x000001534ff03a10 code [0x000001534ff03bc0, 0x000001534ff03df8]
Event: 0.138 Thread 0x0000015365c798a0  342       3       java.lang.invoke.LambdaForm$Name::<init> (44 bytes)
Event: 0.138 Thread 0x0000015365c798a0 nmethod 342 0x000001534ff03e90 code [0x000001534ff040c0, 0x000001534ff04688]
Event: 0.138 Thread 0x0000015365c798a0  344       3       java.util.Arrays::copyOf (19 bytes)
Event: 0.138 Thread 0x0000015365c798a0 nmethod 344 0x000001534ff04990 code [0x000001534ff04b40, 0x000001534ff04e28]
Event: 0.138 Thread 0x0000015365c798a0  343       3       java.lang.invoke.LambdaForm$NamedFunction::returnType (11 bytes)
Event: 0.138 Thread 0x0000015365c798a0 nmethod 343 0x000001534ff04f90 code [0x000001534ff05180, 0x000001534ff055e8]
Event: 0.138 Thread 0x0000015365c798a0  345       3       jdk.internal.org.objectweb.asm.Frame::getAbstractTypeFromDescriptor (415 bytes)

GC Heap History (0 events):
No events

Dll operation events (7 events):
Event: 0.008 Loaded shared library C:\Program Files\Java\jdk-19\bin\java.dll
Event: 0.020 Loaded shared library C:\Program Files\Java\jdk-19\bin\jsvml.dll
Event: 0.058 Loaded shared library C:\Program Files\Java\jdk-19\bin\net.dll
Event: 0.060 Loaded shared library C:\Program Files\Java\jdk-19\bin\nio.dll
Event: 0.086 Loaded shared library C:\Program Files\Java\jdk-19\bin\zip.dll
Event: 0.101 Loaded shared library C:\Program Files\Java\jdk-19\bin\jimage.dll
Event: 0.116 Loaded shared library C:\Program Files\Java\jdk-19\bin\awt.dll

Deoptimization events (0 events):
No events

Classes loaded (20 events):
Event: 0.111 Loading class sun/awt/resources/awt done
Event: 0.112 Loading class java/util/ResourceBundle$BundleReference
Event: 0.112 Loading class java/util/ResourceBundle$BundleReference done
Event: 0.112 Loading class sun/awt/resources/awt_en
Event: 0.112 Loading class sun/awt/resources/awt_en done
Event: 0.112 Loading class sun/awt/resources/awt_en
Event: 0.112 Loading class sun/awt/resources/awt_en done
Event: 0.115 Loading class sun/awt/resources/awt_en_IN
Event: 0.115 Loading class sun/awt/resources/awt_en_IN done
Event: 0.115 Loading class sun/awt/resources/awt_en_IN
Event: 0.115 Loading class sun/awt/resources/awt_en_IN done
Event: 0.115 Loading class java/awt/Toolkit$2
Event: 0.115 Loading class java/awt/Toolkit$2 done
Event: 0.117 Loading class java/awt/Toolkit$1
Event: 0.117 Loading class java/awt/Toolkit$1 done
Event: 0.133 Loading class java/io/FileNotFoundException
Event: 0.133 Loading class java/io/FileNotFoundException done
Event: 0.140 Loading class java/awt/Insets
Event: 0.140 Loading class java/awt/Insets done
Event: 0.140 Loading class java/awt/GraphicsEnvironment

Classes unloaded (0 events):
No events

Classes redefined (0 events):
No events

Internal exceptions (7 events):
Event: 0.061 Thread 0x0000015347f4fef0 Exception <a 'sun/nio/fs/WindowsException'{0x000000008d241340}> (0x000000008d241340) 
thrown [s\open\src\hotspot\share\prims\jni.cpp, line 517]
Event: 0.061 Thread 0x0000015347f4fef0 Exception <a 'sun/nio/fs/WindowsException'{0x000000008d2418c0}> (0x000000008d2418c0) 
thrown [s\open\src\hotspot\share\prims\jni.cpp, line 517]
Event: 0.062 Thread 0x0000015347f4fef0 Exception <a 'sun/nio/fs/WindowsException'{0x000000008d286980}> (0x000000008d286980) 
thrown [s\open\src\hotspot\share\prims\jni.cpp, line 517]
Event: 0.062 Thread 0x0000015347f4fef0 Exception <a 'sun/nio/fs/WindowsException'{0x000000008d2874a0}> (0x000000008d2874a0) 
thrown [s\open\src\hotspot\share\prims\jni.cpp, line 517]
Event: 0.108 Thread 0x0000015347f4fef0 Exception <a 'java/lang/ClassNotFoundException'{0x000000008d14b270}: sun/awt/resources/spi/awtProvider> (0x000000008d14b270) 
thrown [s\open\src\hotspot\share\classfile\systemDictionary.cpp, line 255]
Event: 0.133 Thread 0x0000015347f4fef0 Exception <a 'java/io/FileNotFoundException'{0x000000008d1a2af8}> (0x000000008d1a2af8) 
thrown [s\open\src\hotspot\share\prims\jni.cpp, line 517]
Event: 0.139 Thread 0x0000015347f4fef0 Exception <a 'java/io/FileNotFoundException'{0x000000008d1cf260}> (0x000000008d1cf260) 
thrown [s\open\src\hotspot\share\prims\jni.cpp, line 517]

VM Operations (2 events):
Event: 0.062 Executing VM operation: HandshakeAllThreads
Event: 0.062 Executing VM operation: HandshakeAllThreads done

Events (12 events):
Event: 0.020 Thread 0x0000015347f4fef0 Thread added: 0x0000015347f4fef0
Event: 0.031 Thread 0x0000015365c62eb0 Thread added: 0x0000015365c62eb0
Event: 0.031 Thread 0x0000015365c63b90 Thread added: 0x0000015365c63b90
Event: 0.032 Thread 0x0000015365c688f0 Thread added: 0x0000015365c688f0
Event: 0.032 Thread 0x0000015365c69310 Thread added: 0x0000015365c69310
Event: 0.032 Thread 0x0000015365c6a4d0 Thread added: 0x0000015365c6a4d0
Event: 0.032 Thread 0x0000015365c70610 Thread added: 0x0000015365c70610
Event: 0.032 Thread 0x0000015365c6f8a0 Thread added: 0x0000015365c6f8a0
Event: 0.032 Thread 0x0000015365c798a0 Thread added: 0x0000015365c798a0
Event: 0.032 Thread 0x0000015365c8c9e0 Thread added: 0x0000015365c8c9e0
Event: 0.050 Thread 0x000001536a0ab280 Thread added: 0x000001536a0ab280
Event: 0.077 Thread 0x000001536a1aabf0 Thread added: 0x000001536a1aabf0


Dynamic libraries:
0x00007ff645c60000 - 0x00007ff645c70000 	C:\Program Files\Java\jdk-19\bin\java.exe
0x00007ffbee410000 - 0x00007ffbee627000 	C:\windows\SYSTEM32\ntdll.dll
0x00007ffbeca30000 - 0x00007ffbecaf4000 	C:\windows\System32\KERNEL32.DLL
0x00007ffbebda0000 - 0x00007ffbec14d000 	C:\windows\System32\KERNELBASE.dll
0x00007ffbe5080000 - 0x00007ffbe5117000 	C:\windows\SYSTEM32\apphelp.dll
0x00007ffbeb930000 - 0x00007ffbeba41000 	C:\windows\System32\ucrtbase.dll
0x00007ffbda570000 - 0x00007ffbda58b000 	C:\Program Files\Java\jdk-19\bin\VCRUNTIME140.dll
0x00007ffbd9e00000 - 0x00007ffbd9e18000 	C:\Program Files\Java\jdk-19\bin\jli.dll
0x00007ffbecdc0000 - 0x00007ffbece72000 	C:\windows\System32\ADVAPI32.dll
0x00007ffbed8a0000 - 0x00007ffbed947000 	C:\windows\System32\msvcrt.dll
0x00007ffbee2a0000 - 0x00007ffbee349000 	C:\windows\System32\sechost.dll
0x00007ffbeb900000 - 0x00007ffbeb928000 	C:\windows\System32\bcrypt.dll
0x00007ffbedae0000 - 0x00007ffbedbf4000 	C:\windows\System32\RPCRT4.dll
0x00007ffbecb30000 - 0x00007ffbeccde000 	C:\windows\System32\USER32.dll
0x00007ffbeb740000 - 0x00007ffbeb766000 	C:\windows\System32\win32u.dll
0x00007ffbecb00000 - 0x00007ffbecb29000 	C:\windows\System32\GDI32.dll
0x00007ffbcabf0000 - 0x00007ffbcae83000 	C:\windows\WinSxS\amd64_microsoft.windows.common-controls_6595b64144ccf1df_6.0.22621.3672_none_2713b9d173822955\COMCTL32.dll
0x00007ffbebbc0000 - 0x00007ffbebcd9000 	C:\windows\System32\gdi32full.dll
0x00007ffbeb7e0000 - 0x00007ffbeb87a000 	C:\windows\System32\msvcp_win.dll
0x00007ffbe2470000 - 0x00007ffbe247a000 	C:\windows\SYSTEM32\VERSION.dll
0x00007ffbede60000 - 0x00007ffbede91000 	C:\windows\System32\IMM32.DLL
0x00007ffbda560000 - 0x00007ffbda56c000 	C:\Program Files\Java\jdk-19\bin\vcruntime140_1.dll
0x00007ffbcbe10000 - 0x00007ffbcbe9e000 	C:\Program Files\Java\jdk-19\bin\msvcp140.dll
0x00007ffb97600000 - 0x00007ffb982c0000 	C:\Program Files\Java\jdk-19\bin\server\jvm.dll
0x00007ffbe2480000 - 0x00007ffbe24b4000 	C:\windows\SYSTEM32\WINMM.dll
0x00007ffbdda60000 - 0x00007ffbdda69000 	C:\windows\SYSTEM32\WSOCK32.dll
0x00007ffbec1a0000 - 0x00007ffbec211000 	C:\windows\System32\WS2_32.dll
0x00007ffbea740000 - 0x00007ffbea758000 	C:\windows\SYSTEM32\kernel.appcore.dll
0x00007ffbda550000 - 0x00007ffbda55a000 	C:\Program Files\Java\jdk-19\bin\jimage.dll
0x00007ffbe91c0000 - 0x00007ffbe93f2000 	C:\windows\SYSTEM32\DBGHELP.DLL
0x00007ffbedeb0000 - 0x00007ffbee238000 	C:\windows\System32\combase.dll
0x00007ffbecce0000 - 0x00007ffbecdb7000 	C:\windows\System32\OLEAUT32.dll
0x00007ffbdf7b0000 - 0x00007ffbdf7e2000 	C:\windows\SYSTEM32\dbgcore.DLL
0x00007ffbeb880000 - 0x00007ffbeb8fb000 	C:\windows\System32\bcryptPrimitives.dll
0x00007ffbd3110000 - 0x00007ffbd3136000 	C:\Program Files\Java\jdk-19\bin\java.dll
0x00007ffbc1c50000 - 0x00007ffbc1d27000 	C:\Program Files\Java\jdk-19\bin\jsvml.dll
0x00007ffbece80000 - 0x00007ffbed6df000 	C:\windows\System32\SHELL32.dll
0x00007ffbe9640000 - 0x00007ffbe9f3c000 	C:\windows\SYSTEM32\windows.storage.dll
0x00007ffbe9500000 - 0x00007ffbe963f000 	C:\windows\SYSTEM32\wintypes.dll
0x00007ffbedd60000 - 0x00007ffbede54000 	C:\windows\System32\SHCORE.dll
0x00007ffbee240000 - 0x00007ffbee29e000 	C:\windows\System32\shlwapi.dll
0x00007ffbeb670000 - 0x00007ffbeb691000 	C:\windows\SYSTEM32\profapi.dll
0x00007ffbd9de0000 - 0x00007ffbd9df3000 	C:\Program Files\Java\jdk-19\bin\net.dll
0x00007ffbe53f0000 - 0x00007ffbe5526000 	C:\windows\SYSTEM32\WINHTTP.dll
0x00007ffbeabc0000 - 0x00007ffbeac29000 	C:\windows\system32\mswsock.dll
0x00007ffbd94e0000 - 0x00007ffbd94f6000 	C:\Program Files\Java\jdk-19\bin\nio.dll
0x00007ffbd3180000 - 0x00007ffbd3198000 	C:\Program Files\Java\jdk-19\bin\zip.dll
0x00007ffbb3ce0000 - 0x00007ffbb3e71000 	C:\Program Files\Java\jdk-19\bin\awt.dll

dbghelp: loaded successfully - version: 4.0.5 - missing functions: none
symbol engine: initialized successfully - sym options: 0x614 - pdb path: .;C:\Program Files\Java\jdk-19\bin;C:\windows\SYSTEM32;C:\windows\WinSxS\amd64_microsoft.windows.common-controls_6595b64144ccf1df_6.0.22621.3672_none_2713b9d173822955;C:\Program Files\Java\jdk-19\bin\server

VM Arguments:
jvm_args: -Dfile.encoding=UTF-8 --module-path=C:\Users\HP\Desktop\bank management system\bank manahgement system\build\classes 
java_command: bank.managment.system.SignupThree
java_class_path (initial): C:\Users\HP\Downloads;C:\Users\HP\Desktop\jcalendar-tz-1.3.3-4.jar;C:\Users\HP\Desktop\mysql-connector-java-8.0.28.jar;C:\Users\HP\Desktop\bank management system\bank manahgement system\build\classes
Launcher Type: SUN_STANDARD

[Global flags]
     intx CICompilerCount                          = 3                                         {product} {ergonomic}
     uint ConcGCThreads                            = 1                                         {product} {ergonomic}
     uint G1ConcRefinementThreads                  = 4                                         {product} {ergonomic}
   size_t G1HeapRegionSize                         = 1048576                                   {product} {ergonomic}
    uintx GCDrainStackTargetSize                   = 64                                        {product} {ergonomic}
   size_t InitialHeapSize                          = 130023424                                 {product} {ergonomic}
   size_t MarkStackSize                            = 4194304                                   {product} {ergonomic}
   size_t MaxHeapSize                              = 2055208960                                {product} {ergonomic}
   size_t MaxNewSize                               = 1233125376                                {product} {ergonomic}
   size_t MinHeapDeltaBytes                        = 1048576                                   {product} {ergonomic}
   size_t MinHeapSize                              = 8388608                                   {product} {ergonomic}
    uintx NonNMethodCodeHeapSize                   = 5832780                                {pd product} {ergonomic}
    uintx NonProfiledCodeHeapSize                  = 122912730                              {pd product} {ergonomic}
    uintx ProfiledCodeHeapSize                     = 122912730                              {pd product} {ergonomic}
    uintx ReservedCodeCacheSize                    = 251658240                              {pd product} {ergonomic}
     bool SegmentedCodeCache                       = true                                      {product} {ergonomic}
   size_t SoftMaxHeapSize                          = 2055208960                             {manageable} {ergonomic}
     bool UseCompressedClassPointers               = true                           {product lp64_product} {ergonomic}
     bool UseCompressedOops                        = true                           {product lp64_product} {ergonomic}
     bool UseG1GC                                  = true                                      {product} {ergonomic}
     bool UseLargePagesIndividualAllocation        = false                                  {pd product} {ergonomic}

Logging:
Log output configuration:
 #0: stdout all=warning uptime,level,tags foldmultilines=false
 #1: stderr all=off uptime,level,tags foldmultilines=false

Environment Variables:
JAVA_HOME=C:\Program Files\Java\jdk-19
PATH=C:\Program Files\Python312\Scripts\;C:\Program Files\Python312\;C:\Program Files\Common Files\Oracle\Java\javapath;C:\windows\system32;C:\windows;C:\windows\System32\Wbem;C:\windows\System32\WindowsPowerShell\v1.0\;C:\windows\System32\OpenSSH\;C:\MinGW\bin;C:\Program Files\Java\jdk-19\bin;C:\Program Files\Git\cmd;C:\Program Files\nodejs\;C:\Program Files\MongoDB\Server\7.0\bin;C:\Program Files\MySQL\MySQL Shell 8.0\bin\;C:\Users\HP\AppData\Local\Microsoft\WindowsApps;C:\Users\HP\AppData\Local\Programs\Microsoft VS Code\bin;C:\MinGW\bin;C:\Program Files\Java\jdk-19\bin;C:\Users\HP\Desktop\New folder\IntelliJ IDEA Community Edition 2023.3.4\bin;;C:\Users\HP\AppData\Roaming\npm;C:\Program Files\MongoDB\Server\7.0\bin;C:\Program Files\mongosh\
USERNAME=HP
OS=Windows_NT
PROCESSOR_IDENTIFIER=Intel64 Family 6 Model 140 Stepping 1, GenuineIntel
TMP=C:\Users\HP\AppData\Local\Temp
TEMP=C:\Users\HP\AppData\Local\Temp



---------------  S Y S T E M  ---------------

OS:
 Windows 11 , 64 bit Build 22621 (10.0.22621.3672)
OS uptime: 26 days 8:12 hours
Hyper-V role detected

CPU: total 4 (initial active 4) (2 cores per cpu, 2 threads per core) family 6 model 140 stepping 1 microcode 0xb4, cx8, cmov, fxsr, ht, mmx, 3dnowpref, sse, sse2, sse3, ssse3, sse4.1, sse4.2, popcnt, lzcnt, tsc, tscinvbit, avx, avx2, aes, erms, clmul, bmi1, bmi2, adx, avx512f, avx512dq, avx512cd, avx512bw, avx512vl, sha, fma, vzeroupper, avx512_vpopcntdq, avx512_vpclmulqdq, avx512_vaes, avx512_vnni, clflush, clflushopt, clwb, avx512_vbmi2, avx512_vbmi, hv, rdtscp, rdpid, fsrm, gfni, avx512_bitalg

Memory: 4k page, system-wide physical 7834M (511M free)
TotalPageFile size 31386M (AvailPageFile size 4M)
current process WorkingSet (physical memory assigned to process): 38M, peak: 38M
current process commit charge ("private bytes"): 201M, peak: 201M

vm_info: Java HotSpot(TM) 64-Bit Server VM (19.0.1+10-21) for windows-amd64 JRE (19.0.1+10-21), built on 2022-09-14T12:45:06Z by "mach5one" with MS VC++ 17.1 (VS2022)

END.
